<?xml version="1.0" encoding="UTF-8"?>
<!-- Generated by org.testng.reporters.JUnitXMLReporter -->
<testsuite ignored="8" hostname="LAPTOP-8FI90IP6" failures="0" tests="1" name="Default test" time="2.051" errors="0" timestamp="2023-12-29T03:21:18 IST">
  <testcase classname="RestAssured.MyFirstRestAssuredClass" name="Rest" time="2.014"/>
  <testcase classname="RestAssured.MyFirstRestAssuredClass" name="getResponseHeaders" time="0.0">
    <ignored/>
  </testcase> <!-- getResponseHeaders -->
  <testcase classname="RestAssured.MyFirstRestAssuredClass" name="getResponseBody_withQureyParam" time="0.0">
    <ignored/>
  </testcase> <!-- getResponseBody_withQureyParam -->
  <testcase classname="RestAssured.MyFirstRestAssuredClass" name="getResponseBody" time="0.0">
    <ignored/>
  </testcase> <!-- getResponseBody -->
  <testcase classname="RestAssured.MyFirstRestAssuredClass" name="getStatuscode_withQureyParam" time="0.0">
    <ignored/>
  </testcase> <!-- getStatuscode_withQureyParam -->
  <testcase classname="RestAssured.MyFirstRestAssuredClass" name="getSpecificPartOfResponseBody1" time="0.0">
    <ignored/>
  </testcase> <!-- getSpecificPartOfResponseBody1 -->
  <testcase classname="RestAssured.MyFirstRestAssuredClass" name="getResponseTime" time="0.0">
    <ignored/>
  </testcase> <!-- getResponseTime -->
  <testcase classname="RestAssured.MyFirstRestAssuredClass" name="getResponseContentType" time="0.0">
    <ignored/>
  </testcase> <!-- getResponseContentType -->
  <testcase classname="RestAssured.MyFirstRestAssuredClass" name="getSpecificValueOfResponseBody" time="0.0">
    <ignored/>
  </testcase> <!-- getSpecificValueOfResponseBody -->
</testsuite> <!-- Default test -->
