<?xml version="1.0" encoding="UTF-8"?>
<!-- Generated by org.testng.reporters.JUnitXMLReporter -->
<testsuite ignored="3" hostname="LAPTOP-8FI90IP6" failures="0" tests="1" name="Default test" time="2.44" errors="0" timestamp="2023-12-29T11:51:32 IST">
  <testcase classname="RestAssured.OnrMoreRestAssured" name="testGetPost" time="2.395"/>
  <testcase classname="RestAssured.OnrMoreRestAssured" name="Tet" time="0.0">
    <ignored/>
  </testcase> <!-- Tet -->
  <testcase classname="RestAssured.OnrMoreRestAssured" name="getstatuscode" time="0.0">
    <ignored/>
  </testcase> <!-- getstatuscode -->
  <testcase classname="RestAssured.OnrMoreRestAssured" name="getstatuscodes" time="0.0">
    <ignored/>
  </testcase> <!-- getstatuscodes -->
</testsuite> <!-- Default test -->
